Time resolution is 1 ps
!!!!!!!!!!!!!!!!!!!!!!!!!!!!!!!!!!!!!!!!!!!!!!!!
ITCM 0x00: 3040507330047073
ITCM 0x01: 8581819310001197
ITCM 0x02: ff01011310010117
ITCM 0x03: 1ac2829300000297
ITCM 0x04: 3051f07330529073
ITCM 0x05: 08c5051300000517
ITCM 0x06: 0845859300000597
ITCM 0x07: 0000261702b50063
ITCM 0x16: c4221141a00129b5
ITCM 0x20: 557d80f1aa2347a5
HummingBird SDK Build Time: Feb 27 2025, 20:30:55


Download Mode: ILM


CPU Frequency 540672 Hz


0: Hello World From RISC-V Processor!


1: Hello World From RISC-V Processor!


2: Hello World From RISC-V Processor!


3: Hello World From RISC-V Processor!


4: Hello World From RISC-V Processor!


5: Hello World From RISC-V Processor!


6: Hello World From RISC-V Processor!


7: Hello World From RISC-V Processor!


8: Hello World From RISC-V Processor!


9: Hello World From RISC-V Processor!


10: Hello World From RISC-V Processor!


11: Hello World From RISC-V Processor!


12: Hello World From RISC-V Processor!


13: Hello World From RISC-V Processor!


14: Hello World From RISC-V Processor!


15: Hello World From RISC-V Processor!


16: Hello World From RISC-V Processor!


17: Hello World From RISC-V Processor!


18: Hello World From RISC-V Processor!


19: Hello World From RISC-V Processor!


INFO: xsimkernel Simulation Memory Usage: 36972 KB (Peak: 36972 KB), Simulation CPU Usage: 20358 ms
